<?xml version="1.0" encoding="UTF-8"?>
<!-- Generated by org.testng.reporters.JUnitReportReporter -->
<testsuite hostname="LP95" failures="0" tests="1" name="practice.ea" time="0.016" errors="0" timestamp="2024-06-10T12:10:09 IST" skipped="0">
  <testcase classname="practice.ea" name="mjk" time="0.016"/>
</testsuite> <!-- practice.ea -->
