<?xml version="1.0" encoding="UTF-8"?>
<!-- Generated by org.testng.reporters.JUnitReportReporter -->
<testsuite hostname="LP95" failures="0" tests="1" name="TestCases.TestCase01" time="5.442" errors="0" timestamp="2024-06-17T13:39:30 IST" skipped="0">
  <testcase classname="TestCases.TestCase01" name="searcf" time="5.442"/>
</testsuite> <!-- TestCases.TestCase01 -->
