<?xml version="1.0" encoding="UTF-8"?>
<!-- Generated by org.testng.reporters.JUnitReportReporter -->
<testsuite hostname="LP95" failures="0" tests="2" name="TestCases.TestCase02" time="4.524" errors="0" timestamp="2024-06-17T13:39:30 IST" skipped="0">
  <testcase classname="TestCases.TestCase02" name="test4" time="0.228"/>
  <testcase classname="TestCases.TestCase02" name="test5" time="4.296"/>
</testsuite> <!-- TestCases.TestCase02 -->
